[0321/103721.677:ERROR:process_memory_win.cc(73)] ReadMemory at 0x7ff716070000 of 64 bytes failed: Egy ReadProcessMemory vagy WriteProcessMemory kérésnek csak egy része készült el. (0x12B)
[0321/103722.246:WARNING:pe_image_reader.cc(302)] could not read dos header from C:\Program Files (x86)\Google\Chrome\Application\chrome.exe
[0321/103722.246:ERROR:process_memory_win.cc(73)] ReadMemory at 0x7ff8e22f0000 of 64 bytes failed: Egy ReadProcessMemory vagy WriteProcessMemory kérésnek csak egy része készült el. (0x12B)
[0321/103722.246:WARNING:pe_image_reader.cc(302)] could not read dos header from C:\WINDOWS\SYSTEM32\ntdll.dll
[0321/103722.246:ERROR:process_memory_win.cc(73)] ReadMemory at 0x7ff8e0330000 of 64 bytes failed: Egy ReadProcessMemory vagy WriteProcessMemory kérésnek csak egy része készült el. (0x12B)
[0321/103722.439:WARNING:pe_image_reader.cc(302)] could not read dos header from C:\WINDOWS\System32\KERNEL32.DLL
[0321/103722.439:ERROR:process_memory_win.cc(73)] ReadMemory at 0x7ff8dead0000 of 64 bytes failed: Egy ReadProcessMemory vagy WriteProcessMemory kérésnek csak egy része készült el. (0x12B)
[0321/103722.439:WARNING:pe_image_reader.cc(302)] could not read dos header from C:\WINDOWS\System32\KERNELBASE.dll
[0321/103722.439:ERROR:process_memory_win.cc(73)] ReadMemory at 0x7ff8dcdd0000 of 64 bytes failed: Egy ReadProcessMemory vagy WriteProcessMemory kérésnek csak egy része készült el. (0x12B)
[0321/103722.439:WARNING:pe_image_reader.cc(302)] could not read dos header from C:\WINDOWS\system32\apphelp.dll
[0321/103722.439:ERROR:process_memory_win.cc(73)] ReadMemory at 0x7ff8c6700000 of 64 bytes failed: Egy ReadProcessMemory vagy WriteProcessMemory kérésnek csak egy része készült el. (0x12B)
[0321/103722.439:WARNING:pe_image_reader.cc(302)] could not read dos header from C:\WINDOWS\AppPatch\AppPatch64\AcGenral.dll
[0321/103722.439:ERROR:process_memory_win.cc(73)] ReadMemory at 0x7ff8df950000 of 64 bytes failed: Egy ReadProcessMemory vagy WriteProcessMemory kérésnek csak egy része készült el. (0x12B)
[0321/103722.439:WARNING:pe_image_reader.cc(302)] could not read dos header from C:\WINDOWS\System32\msvcrt.dll
[0321/103722.439:ERROR:process_memory_win.cc(73)] ReadMemory at 0x7ff8dfe90000 of 64 bytes failed: Egy ReadProcessMemory vagy WriteProcessMemory kérésnek csak egy része készült el. (0x12B)
[0321/103722.439:WARNING:pe_image_reader.cc(302)] could not read dos header from C:\WINDOWS\System32\sechost.dll
[0321/103722.439:ERROR:process_memory_win.cc(73)] ReadMemory at 0x7ff8e2030000 of 64 bytes failed: Egy ReadProcessMemory vagy WriteProcessMemory kérésnek csak egy része készült el. (0x12B)
[0321/103722.439:WARNING:pe_image_reader.cc(302)] could not read dos header from C:\WINDOWS\System32\RPCRT4.dll
[0321/103722.443:ERROR:process_memory_win.cc(73)] ReadMemory at 0x13c2a0c0000 of 64 bytes failed: Egy ReadProcessMemory vagy WriteProcessMemory kérésnek csak egy része készült el. (0x12B)
[0321/103722.443:WARNING:pe_image_reader.cc(302)] could not read dos header from C:\WINDOWS\System32\SHLWAPI.dll
[0321/103722.443:ERROR:process_memory_win.cc(73)] ReadMemory at 0x7ff8dfbb0000 of 64 bytes failed: Egy ReadProcessMemory vagy WriteProcessMemory kérésnek csak egy része készült el. (0x12B)
[0321/103722.443:WARNING:pe_image_reader.cc(302)] could not read dos header from C:\WINDOWS\System32\combase.dll
[0321/103722.443:ERROR:process_memory_win.cc(73)] ReadMemory at 0x7ff8df440000 of 64 bytes failed: Egy ReadProcessMemory vagy WriteProcessMemory kérésnek csak egy része készült el. (0x12B)
[0321/103722.443:WARNING:pe_image_reader.cc(302)] could not read dos header from C:\WINDOWS\System32\ucrtbase.dll
[0321/103722.443:ERROR:process_memory_win.cc(73)] ReadMemory at 0x7ff8decf0000 of 64 bytes failed: Egy ReadProcessMemory vagy WriteProcessMemory kérésnek csak egy része készült el. (0x12B)
[0321/103722.443:WARNING:pe_image_reader.cc(302)] could not read dos header from C:\WINDOWS\System32\bcryptPrimitives.dll
[0321/103722.443:ERROR:process_memory_win.cc(73)] ReadMemory at 0x7ff8e22b0000 of 64 bytes failed: Egy ReadProcessMemory vagy WriteProcessMemory kérésnek csak egy része készült el. (0x12B)
[0321/103722.443:WARNING:pe_image_reader.cc(302)] could not read dos header from C:\WINDOWS\System32\GDI32.dll
[0321/103722.443:ERROR:process_memory_win.cc(73)] ReadMemory at 0x7ff8de890000 of 64 bytes failed: Egy ReadProcessMemory vagy WriteProcessMemory kérésnek csak egy része készült el. (0x12B)
[0321/103722.443:WARNING:pe_image_reader.cc(302)] could not read dos header from C:\WINDOWS\System32\gdi32full.dll
[0321/103722.443:ERROR:process_memory_win.cc(73)] ReadMemory at 0x7ff8e09b0000 of 64 bytes failed: Egy ReadProcessMemory vagy WriteProcessMemory kérésnek csak egy része készült el. (0x12B)
[0321/103722.443:WARNING:pe_image_reader.cc(302)] could not read dos header from C:\WINDOWS\System32\USER32.dll
[0321/103722.443:ERROR:process_memory_win.cc(73)] ReadMemory at 0x7ff8df640000 of 64 bytes failed: Egy ReadProcessMemory vagy WriteProcessMemory kérésnek csak egy része készült el. (0x12B)
[0321/103722.443:WARNING:pe_image_reader.cc(302)] could not read dos header from C:\WINDOWS\System32\win32u.dll
[0321/103722.443:ERROR:process_memory_win.cc(73)] ReadMemory at 0x7ff8e0440000 of 64 bytes failed: Egy ReadProcessMemory vagy WriteProcessMemory kérésnek csak egy része készült el. (0x12B)
[0321/103722.443:WARNING:pe_image_reader.cc(302)] could not read dos header from C:\WINDOWS\System32\ole32.dll
[0321/103722.443:ERROR:process_memory_win.cc(73)] ReadMemory at 0x13c2a120000 of 64 bytes failed: Egy ReadProcessMemory vagy WriteProcessMemory kérésnek csak egy része készült el. (0x12B)
[0321/103722.443:WARNING:pe_image_reader.cc(302)] could not read dos header from C:\WINDOWS\System32\SHELL32.dll
[0321/103722.443:ERROR:process_memory_win.cc(73)] ReadMemory at 0x7ff8df660000 of 64 bytes failed: Egy ReadProcessMemory vagy WriteProcessMemory kérésnek csak egy része készült el. (0x12B)
[0321/103722.443:WARNING:pe_image_reader.cc(302)] could not read dos header from C:\WINDOWS\System32\cfgmgr32.dll
[0321/103722.443:ERROR:process_memory_win.cc(73)] ReadMemory at 0x7ff8ded60000 of 64 bytes failed: Egy ReadProcessMemory vagy WriteProcessMemory kérésnek csak egy része készült el. (0x12B)
[0321/103722.443:WARNING:pe_image_reader.cc(302)] could not read dos header from C:\WINDOWS\System32\windows.storage.dll
[0321/103722.443:ERROR:process_memory_win.cc(73)] ReadMemory at 0x7ff8de790000 of 64 bytes failed: Egy ReadProcessMemory vagy WriteProcessMemory kérésnek csak egy része készült el. (0x12B)
[0321/103722.443:WARNING:pe_image_reader.cc(302)] could not read dos header from C:\WINDOWS\System32\powrprof.dll
[0321/103722.443:ERROR:process_memory_win.cc(73)] ReadMemory at 0x7ff8e2200000 of 64 bytes failed: Egy ReadProcessMemory vagy WriteProcessMemory kérésnek csak egy része készült el. (0x12B)
[0321/103722.443:WARNING:pe_image_reader.cc(302)] could not read dos header from C:\WINDOWS\System32\advapi32.dll
[0321/103722.443:ERROR:process_memory_win.cc(73)] ReadMemory at 0x7ff8de780000 of 64 bytes failed: Egy ReadProcessMemory vagy WriteProcessMemory kérésnek csak egy része készült el. (0x12B)
[0321/103722.443:WARNING:pe_image_reader.cc(302)] could not read dos header from C:\WINDOWS\System32\kernel.appcore.dll
[0321/103722.443:ERROR:process_memory_win.cc(73)] ReadMemory at 0x7ff8dea20000 of 64 bytes failed: Egy ReadProcessMemory vagy WriteProcessMemory kérésnek csak egy része készült el. (0x12B)
[0321/103722.443:WARNING:pe_image_reader.cc(302)] could not read dos header from C:\WINDOWS\System32\shcore.dll
[0321/103722.443:ERROR:process_memory_win.cc(73)] ReadMemory at 0x7ff8de760000 of 64 bytes failed: Egy ReadProcessMemory vagy WriteProcessMemory kérésnek csak egy része készült el. (0x12B)
[0321/103722.443:WARNING:pe_image_reader.cc(302)] could not read dos header from C:\WINDOWS\System32\profapi.dll
[0321/103722.443:ERROR:process_memory_win.cc(73)] ReadMemory at 0x7ff8de3c0000 of 64 bytes failed: Egy ReadProcessMemory vagy WriteProcessMemory kérésnek csak egy része készült el. (0x12B)
[0321/103722.443:WARNING:pe_image_reader.cc(302)] could not read dos header from C:\WINDOWS\SYSTEM32\SspiCli.dll
[0321/103722.443:ERROR:process_memory_win.cc(73)] ReadMemory at 0x7ff8ddea0000 of 64 bytes failed: Egy ReadProcessMemory vagy WriteProcessMemory kérésnek csak egy része készült el. (0x12B)
[0321/103722.443:WARNING:pe_image_reader.cc(302)] could not read dos header from C:\WINDOWS\SYSTEM32\USERENV.dll
[0321/103722.443:ERROR:process_memory_win.cc(73)] ReadMemory at 0x7ff8cb140000 of 64 bytes failed: Egy ReadProcessMemory vagy WriteProcessMemory kérésnek csak egy része készült el. (0x12B)
[0321/103722.443:WARNING:pe_image_reader.cc(302)] could not read dos header from C:\WINDOWS\SYSTEM32\MPR.dll
[0321/103722.443:ERROR:process_memory_win.cc(73)] ReadMemory at 0x7ff8dfef0000 of 64 bytes failed: Egy ReadProcessMemory vagy WriteProcessMemory kérésnek csak egy része készült el. (0x12B)
[0321/103722.443:WARNING:pe_image_reader.cc(302)] could not read dos header from C:\WINDOWS\System32\IMM32.DLL
[0321/103722.443:ERROR:process_memory_win.cc(73)] ReadMemory at 0x7ff8dff30000 of 64 bytes failed: Egy ReadProcessMemory vagy WriteProcessMemory kérésnek csak egy része készült el. (0x12B)
[0321/103722.443:WARNING:pe_image_reader.cc(302)] could not read dos header from C:\WINDOWS\System32\PSAPI.DLL
[0321/103722.443:ERROR:process_memory_win.cc(73)] ReadMemory at 0x7ff8bc850000 of 64 bytes failed: Egy ReadProcessMemory vagy WriteProcessMemory kérésnek csak egy része készült el. (0x12B)
[0321/103722.443:WARNING:pe_image_reader.cc(302)] could not read dos header from C:\Program Files (x86)\Google\Chrome\Application\72.0.3626.121\chrome_elf.dll
[0321/103722.443:ERROR:process_memory_win.cc(73)] ReadMemory at 0x7ff8d4660000 of 64 bytes failed: Egy ReadProcessMemory vagy WriteProcessMemory kérésnek csak egy része készült el. (0x12B)
[0321/103722.443:WARNING:pe_image_reader.cc(302)] could not read dos header from C:\WINDOWS\SYSTEM32\VERSION.dll
[0321/103722.443:ERROR:process_memory_win.cc(73)] ReadMemory at 0x7ff8dc960000 of 64 bytes failed: Egy ReadProcessMemory vagy WriteProcessMemory kérésnek csak egy része készült el. (0x12B)
[0321/103722.443:WARNING:pe_image_reader.cc(302)] could not read dos header from C:\WINDOWS\SYSTEM32\WINMM.dll
[0321/103722.443:ERROR:process_memory_win.cc(73)] ReadMemory at 0x7ff8dc900000 of 64 bytes failed: Egy ReadProcessMemory vagy WriteProcessMemory kérésnek csak egy része készült el. (0x12B)
[0321/103722.443:WARNING:pe_image_reader.cc(302)] could not read dos header from C:\WINDOWS\SYSTEM32\WINMMBASE.dll
[0321/103722.443:ERROR:process_memory_win.cc(73)] ReadMemory at 0x7ff8de1e0000 of 64 bytes failed: Egy ReadProcessMemory vagy WriteProcessMemory kérésnek csak egy része készült el. (0x12B)
[0321/103722.443:WARNING:pe_image_reader.cc(302)] could not read dos header from C:\WINDOWS\SYSTEM32\CRYPTBASE.DLL
[0321/103722.443:ERROR:process_memory_win.cc(73)] ReadMemory at 0x7ff8ceb80000 of 64 bytes failed: Egy ReadProcessMemory vagy WriteProcessMemory kérésnek csak egy része készült el. (0x12B)
[0321/103722.447:WARNING:pe_image_reader.cc(302)] could not read dos header from C:\WINDOWS\SYSTEM32\ninput.dll
[0321/103722.447:ERROR:process_memory_win.cc(73)] ReadMemory at 0x7ff8df9f0000 of 64 bytes failed: Egy ReadProcessMemory vagy WriteProcessMemory kérésnek csak egy része készült el. (0x12B)
[0321/103722.447:WARNING:pe_image_reader.cc(302)] could not read dos header from C:\WINDOWS\System32\OLEAUT32.dll
[0321/103722.447:ERROR:process_memory_win.cc(73)] ReadMemory at 0x7ff8df540000 of 64 bytes failed: Egy ReadProcessMemory vagy WriteProcessMemory kérésnek csak egy része készült el. (0x12B)
[0321/103722.447:WARNING:pe_image_reader.cc(302)] could not read dos header from C:\WINDOWS\System32\msvcp_win.dll
[0321/103722.447:ERROR:process_memory_win.cc(73)] ReadMemory at 0x7ff8a1690000 of 64 bytes failed: Egy ReadProcessMemory vagy WriteProcessMemory kérésnek csak egy része készült el. (0x12B)
[0321/103722.447:WARNING:pe_image_reader.cc(302)] could not read dos header from C:\Program Files (x86)\Google\Chrome\Application\72.0.3626.121\chrome_child.dll
[0321/103722.447:ERROR:process_memory_win.cc(73)] ReadMemory at 0x7ff8e0160000 of 64 bytes failed: Egy ReadProcessMemory vagy WriteProcessMemory kérésnek csak egy része készült el. (0x12B)
[0321/103722.447:WARNING:pe_image_reader.cc(302)] could not read dos header from C:\WINDOWS\System32\WS2_32.dll
[0321/103722.447:ERROR:process_memory_win.cc(73)] ReadMemory at 0x7ff8df5e0000 of 64 bytes failed: Egy ReadProcessMemory vagy WriteProcessMemory kérésnek csak egy része készült el. (0x12B)
[0321/103722.447:WARNING:pe_image_reader.cc(302)] could not read dos header from C:\WINDOWS\System32\WINTRUST.dll
[0321/103722.447:ERROR:process_memory_win.cc(73)] ReadMemory at 0x7ff8de750000 of 64 bytes failed: Egy ReadProcessMemory vagy WriteProcessMemory kérésnek csak egy része készült el. (0x12B)
[0321/103722.447:WARNING:pe_image_reader.cc(302)] could not read dos header from C:\WINDOWS\System32\MSASN1.dll
[0321/103722.447:ERROR:process_memory_win.cc(73)] ReadMemory at 0x7ff8df6b0000 of 64 bytes failed: Egy ReadProcessMemory vagy WriteProcessMemory kérésnek csak egy része készült el. (0x12B)
[0321/103722.447:WARNING:pe_image_reader.cc(302)] could not read dos header from C:\WINDOWS\System32\CRYPT32.dll
[0321/103722.447:ERROR:process_memory_win.cc(73)] ReadMemory at 0x7ff8dfab0000 of 64 bytes failed: Egy ReadProcessMemory vagy WriteProcessMemory kérésnek csak egy része készült el. (0x12B)
[0321/103722.447:WARNING:pe_image_reader.cc(302)] could not read dos header from C:\WINDOWS\System32\COMDLG32.dll
[0321/103722.447:ERROR:process_memory_win.cc(73)] ReadMemory at 0x7ff8ddda0000 of 64 bytes failed: Egy ReadProcessMemory vagy WriteProcessMemory kérésnek csak egy része készült el. (0x12B)
[0321/103722.447:WARNING:pe_image_reader.cc(302)] could not read dos header from C:\WINDOWS\SYSTEM32\IPHLPAPI.DLL
[0321/103722.447:ERROR:process_memory_win.cc(73)] ReadMemory at 0x7ff8d9950000 of 64 bytes failed: Egy ReadProcessMemory vagy WriteProcessMemory kérésnek csak egy része készült el. (0x12B)
[0321/103722.447:WARNING:pe_image_reader.cc(302)] could not read dos header from C:\WINDOWS\SYSTEM32\OLEACC.dll
[0321/103722.447:ERROR:process_memory_win.cc(73)] ReadMemory at 0x7ff8c25c0000 of 64 bytes failed: Egy ReadProcessMemory vagy WriteProcessMemory kérésnek csak egy része készült el. (0x12B)
[0321/103722.447:WARNING:pe_image_reader.cc(302)] could not read dos header from C:\WINDOWS\SYSTEM32\DWrite.dll
[0321/103722.447:ERROR:process_memory_win.cc(73)] ReadMemory at 0x7ff8dd8a0000 of 64 bytes failed: Egy ReadProcessMemory vagy WriteProcessMemory kérésnek csak egy része készült el. (0x12B)
[0321/103722.447:WARNING:pe_image_reader.cc(302)] could not read dos header from C:\WINDOWS\SYSTEM32\dxgi.dll
[0321/103722.447:ERROR:process_memory_win.cc(73)] ReadMemory at 0x7ff8ce330000 of 64 bytes failed: Egy ReadProcessMemory vagy WriteProcessMemory kérésnek csak egy része készült el. (0x12B)
[0321/103722.447:WARNING:pe_image_reader.cc(302)] could not read dos header from C:\WINDOWS\SYSTEM32\WINSPOOL.DRV
[0321/103722.447:ERROR:process_memory_win.cc(73)] ReadMemory at 0x7ff8d9f80000 of 64 bytes failed: Egy ReadProcessMemory vagy WriteProcessMemory kérésnek csak egy része készült el. (0x12B)
[0321/103722.447:WARNING:pe_image_reader.cc(302)] could not read dos header from C:\WINDOWS\SYSTEM32\dbghelp.dll
[0321/103722.447:ERROR:process_memory_win.cc(73)] ReadMemory at 0x7ff8d63c0000 of 64 bytes failed: Egy ReadProcessMemory vagy WriteProcessMemory kérésnek csak egy része készült el. (0x12B)
[0321/103722.447:WARNING:pe_image_reader.cc(302)] could not read dos header from C:\WINDOWS\SYSTEM32\USP10.dll
[0321/103722.447:ERROR:process_memory_win.cc(73)] ReadMemory at 0x7ff8d17b0000 of 64 bytes failed: Egy ReadProcessMemory vagy WriteProcessMemory kérésnek csak egy része készült el. (0x12B)
[0321/103722.447:WARNING:pe_image_reader.cc(302)] could not read dos header from C:\WINDOWS\WinSxS\amd64_microsoft.windows.common-controls_6595b64144ccf1df_6.0.14393.2848_none_7ddecd5e83436d8c\COMCTL32.dll
[0321/103722.447:ERROR:process_memory_win.cc(73)] ReadMemory at 0x7ff8d46f0000 of 64 bytes failed: Egy ReadProcessMemory vagy WriteProcessMemory kérésnek csak egy része készült el. (0x12B)
[0321/103722.447:WARNING:pe_image_reader.cc(302)] could not read dos header from C:\WINDOWS\SYSTEM32\WINHTTP.dll
[0321/103722.447:ERROR:process_memory_win.cc(73)] ReadMemory at 0x7ff8d3130000 of 64 bytes failed: Egy ReadProcessMemory vagy WriteProcessMemory kérésnek csak egy része készült el. (0x12B)
[0321/103722.447:WARNING:pe_image_reader.cc(302)] could not read dos header from C:\WINDOWS\SYSTEM32\urlmon.dll
[0321/103722.447:ERROR:process_memory_win.cc(73)] ReadMemory at 0x7ff8cd8d0000 of 64 bytes failed: Egy ReadProcessMemory vagy WriteProcessMemory kérésnek csak egy része készült el. (0x12B)
[0321/103722.447:WARNING:pe_image_reader.cc(302)] could not read dos header from C:\WINDOWS\SYSTEM32\Secur32.dll
[0321/103722.447:ERROR:process_memory_win.cc(73)] ReadMemory at 0x7ff8d95c0000 of 64 bytes failed: Egy ReadProcessMemory vagy WriteProcessMemory kérésnek csak egy része készült el. (0x12B)
[0321/103722.447:WARNING:pe_image_reader.cc(302)] could not read dos header from C:\WINDOWS\SYSTEM32\dhcpcsvc.DLL
[0321/103722.447:ERROR:process_memory_win.cc(73)] ReadMemory at 0x7ff8dfe80000 of 64 bytes failed: Egy ReadProcessMemory vagy WriteProcessMemory kérésnek csak egy része készült el. (0x12B)
[0321/103722.447:WARNING:pe_image_reader.cc(302)] could not read dos header from C:\WINDOWS\System32\NSI.dll
[0321/103722.447:ERROR:process_memory_win.cc(73)] ReadMemory at 0x7ff8de690000 of 64 bytes failed: Egy ReadProcessMemory vagy WriteProcessMemory kérésnek csak egy része készült el. (0x12B)
[0321/103722.447:WARNING:pe_image_reader.cc(302)] could not read dos header from C:\WINDOWS\SYSTEM32\bcrypt.dll
[0321/103722.447:ERROR:process_memory_win.cc(73)] ReadMemory at 0x7ff8d4b30000 of 64 bytes failed: Egy ReadProcessMemory vagy WriteProcessMemory kérésnek csak egy része készült el. (0x12B)
[0321/103722.447:WARNING:pe_image_reader.cc(302)] could not read dos header from C:\WINDOWS\SYSTEM32\iertutil.dll
[0321/103722.691:ERROR:process_memory_win.cc(73)] ReadMemory at 0x22d6df4000 of 49152 bytes failed: Egy ReadProcessMemory vagy WriteProcessMemory kérésnek csak egy része készült el. (0x12B)
[0321/103722.691:ERROR:process_memory_win.cc(73)] ReadMemory at 0x22d6ffe000 of 8192 bytes failed: Egy ReadProcessMemory vagy WriteProcessMemory kérésnek csak egy része készült el. (0x12B)
[0321/103722.691:ERROR:process_memory_win.cc(73)] ReadMemory at 0x22d71fd000 of 12288 bytes failed: Egy ReadProcessMemory vagy WriteProcessMemory kérésnek csak egy része készült el. (0x12B)
[0321/103722.691:ERROR:process_memory_win.cc(73)] ReadMemory at 0x22d73fe000 of 8192 bytes failed: Egy ReadProcessMemory vagy WriteProcessMemory kérésnek csak egy része készült el. (0x12B)
[0321/103722.691:ERROR:process_memory_win.cc(73)] ReadMemory at 0x22d75fe000 of 8192 bytes failed: Egy ReadProcessMemory vagy WriteProcessMemory kérésnek csak egy része készült el. (0x12B)
[0321/103722.691:ERROR:process_memory_win.cc(73)] ReadMemory at 0x22d77fe000 of 8192 bytes failed: Egy ReadProcessMemory vagy WriteProcessMemory kérésnek csak egy része készült el. (0x12B)
[0321/103722.691:ERROR:process_memory_win.cc(73)] ReadMemory at 0x22d79fd000 of 12288 bytes failed: Egy ReadProcessMemory vagy WriteProcessMemory kérésnek csak egy része készült el. (0x12B)
[0321/103722.691:ERROR:process_memory_win.cc(73)] ReadMemory at 0x22d7bfe000 of 8192 bytes failed: Egy ReadProcessMemory vagy WriteProcessMemory kérésnek csak egy része készült el. (0x12B)
[0321/103722.691:ERROR:process_memory_win.cc(73)] ReadMemory at 0x22d7dfe000 of 8192 bytes failed: Egy ReadProcessMemory vagy WriteProcessMemory kérésnek csak egy része készült el. (0x12B)
[0321/103722.691:ERROR:process_memory_win.cc(73)] ReadMemory at 0x22d7ffd000 of 12288 bytes failed: Egy ReadProcessMemory vagy WriteProcessMemory kérésnek csak egy része készült el. (0x12B)
[0321/103722.691:ERROR:process_memory_win.cc(73)] ReadMemory at 0x22d81fe000 of 8192 bytes failed: Egy ReadProcessMemory vagy WriteProcessMemory kérésnek csak egy része készült el. (0x12B)
[0321/103722.691:ERROR:process_memory_win.cc(73)] ReadMemory at 0x22d83fe000 of 8192 bytes failed: Egy ReadProcessMemory vagy WriteProcessMemory kérésnek csak egy része készült el. (0x12B)
[0321/103722.691:ERROR:process_memory_win.cc(73)] ReadMemory at 0x22d85fd000 of 12288 bytes failed: Egy ReadProcessMemory vagy WriteProcessMemory kérésnek csak egy része készült el. (0x12B)
[0321/103722.691:ERROR:process_memory_win.cc(73)] ReadMemory at 0x22d6ad9000 of 852 bytes failed: Egy ReadProcessMemory vagy WriteProcessMemory kérésnek csak egy része készült el. (0x12B)
[0321/103722.695:ERROR:process_memory_win.cc(73)] ReadMemory at 0x22d6ad9f80 of 6152 bytes failed: Egy ReadProcessMemory vagy WriteProcessMemory kérésnek csak egy része készült el. (0x12B)
[0321/103722.695:ERROR:process_memory_win.cc(73)] ReadMemory at 0x22d6adc000 of 6024 bytes failed: Egy ReadProcessMemory vagy WriteProcessMemory kérésnek csak egy része készült el. (0x12B)
[0321/103722.695:ERROR:process_memory_win.cc(73)] ReadMemory at 0x22d6ade000 of 6024 bytes failed: Egy ReadProcessMemory vagy WriteProcessMemory kérésnek csak egy része készült el. (0x12B)
[0321/103722.695:ERROR:process_memory_win.cc(73)] ReadMemory at 0x22d6ae0000 of 6024 bytes failed: Egy ReadProcessMemory vagy WriteProcessMemory kérésnek csak egy része készült el. (0x12B)
[0321/103722.695:ERROR:process_memory_win.cc(73)] ReadMemory at 0x22d6ae2000 of 6024 bytes failed: Egy ReadProcessMemory vagy WriteProcessMemory kérésnek csak egy része készült el. (0x12B)
[0321/103722.695:ERROR:process_memory_win.cc(73)] ReadMemory at 0x22d6ae4000 of 6024 bytes failed: Egy ReadProcessMemory vagy WriteProcessMemory kérésnek csak egy része készült el. (0x12B)
[0321/103722.695:ERROR:process_memory_win.cc(73)] ReadMemory at 0x22d6ae6000 of 6024 bytes failed: Egy ReadProcessMemory vagy WriteProcessMemory kérésnek csak egy része készült el. (0x12B)
[0321/103722.695:ERROR:process_memory_win.cc(73)] ReadMemory at 0x22d6ae8000 of 6024 bytes failed: Egy ReadProcessMemory vagy WriteProcessMemory kérésnek csak egy része készült el. (0x12B)
[0321/103722.695:ERROR:process_memory_win.cc(73)] ReadMemory at 0x22d6aea000 of 6024 bytes failed: Egy ReadProcessMemory vagy WriteProcessMemory kérésnek csak egy része készült el. (0x12B)
[0321/103722.695:ERROR:process_memory_win.cc(73)] ReadMemory at 0x22d6aec000 of 6024 bytes failed: Egy ReadProcessMemory vagy WriteProcessMemory kérésnek csak egy része készült el. (0x12B)
[0321/103722.695:ERROR:process_memory_win.cc(73)] ReadMemory at 0x22d6aee000 of 6024 bytes failed: Egy ReadProcessMemory vagy WriteProcessMemory kérésnek csak egy része készült el. (0x12B)
[0321/103722.695:ERROR:process_memory_win.cc(73)] ReadMemory at 0x22d6af0000 of 6024 bytes failed: Egy ReadProcessMemory vagy WriteProcessMemory kérésnek csak egy része készült el. (0x12B)
[0321/103722.695:ERROR:process_memory_win.cc(73)] ReadMemory at 0x22d6af2000 of 6024 bytes failed: Egy ReadProcessMemory vagy WriteProcessMemory kérésnek csak egy része készült el. (0x12B)
[0321/103722.695:ERROR:process_memory_win.cc(73)] ReadMemory at 0x13c29ef0dd0 of 3894 bytes failed: Egy ReadProcessMemory vagy WriteProcessMemory kérésnek csak egy része készült el. (0x12B)
[0321/103722.695:ERROR:process_memory_win.cc(73)] ReadMemory at 0x13c29ef1d10 of 1012 bytes failed: Egy ReadProcessMemory vagy WriteProcessMemory kérésnek csak egy része készült el. (0x12B)
[0321/103722.699:ERROR:process_memory_win.cc(73)] ReadMemory at 0x13c29ef2328 of 118 bytes failed: Egy ReadProcessMemory vagy WriteProcessMemory kérésnek csak egy része készült el. (0x12B)
[0321/103722.699:ERROR:process_memory_win.cc(73)] ReadMemory at 0x13c29ef23a0 of 958 bytes failed: Egy ReadProcessMemory vagy WriteProcessMemory kérésnek csak egy része készült el. (0x12B)
[0321/103722.699:ERROR:process_memory_win.cc(73)] ReadMemory at 0x13c29ef2760 of 118 bytes failed: Egy ReadProcessMemory vagy WriteProcessMemory kérésnek csak egy része készült el. (0x12B)
[0321/103722.699:ERROR:process_memory_win.cc(73)] ReadMemory at 0x13c29ef27d8 of 96 bytes failed: Egy ReadProcessMemory vagy WriteProcessMemory kérésnek csak egy része készült el. (0x12B)
[0321/103722.699:ERROR:process_memory_win.cc(73)] ReadMemory at 0x13c29ef2850 of 58 bytes failed: Egy ReadProcessMemory vagy WriteProcessMemory kérésnek csak egy része készült el. (0x12B)
[0321/103722.699:ERROR:process_memory_win.cc(73)] ReadMemory at 0x13c29ef2950 of 132 bytes failed: Egy ReadProcessMemory vagy WriteProcessMemory kérésnek csak egy része készült el. (0x12B)
[0321/103722.699:ERROR:process_memory_win.cc(73)] ReadMemory at 0x13c29ef2ae0 of 132 bytes failed: Egy ReadProcessMemory vagy WriteProcessMemory kérésnek csak egy része készült el. (0x12B)
[0321/103722.699:ERROR:process_memory_win.cc(73)] ReadMemory at 0x13c29ef2ca0 of 126 bytes failed: Egy ReadProcessMemory vagy WriteProcessMemory kérésnek csak egy része készült el. (0x12B)
[0321/103722.699:ERROR:process_memory_win.cc(73)] ReadMemory at 0x13c29ef3050 of 132 bytes failed: Egy ReadProcessMemory vagy WriteProcessMemory kérésnek csak egy része készült el. (0x12B)
[0321/103722.699:ERROR:process_memory_win.cc(73)] ReadMemory at 0x13c29ef31e0 of 64 bytes failed: Egy ReadProcessMemory vagy WriteProcessMemory kérésnek csak egy része készült el. (0x12B)
[0321/103722.699:ERROR:process_memory_win.cc(73)] ReadMemory at 0x13c29ef34c0 of 62 bytes failed: Egy ReadProcessMemory vagy WriteProcessMemory kérésnek csak egy része készült el. (0x12B)
[0321/103722.699:ERROR:process_memory_win.cc(73)] ReadMemory at 0x13c29ef3520 of 132 bytes failed: Egy ReadProcessMemory vagy WriteProcessMemory kérésnek csak egy része készült el. (0x12B)
[0321/103722.699:ERROR:process_memory_win.cc(73)] ReadMemory at 0x13c29ef36b0 of 68 bytes failed: Egy ReadProcessMemory vagy WriteProcessMemory kérésnek csak egy része készült el. (0x12B)
[0321/103722.699:ERROR:process_memory_win.cc(73)] ReadMemory at 0x13c29ef43c0 of 132 bytes failed: Egy ReadProcessMemory vagy WriteProcessMemory kérésnek csak egy része készült el. (0x12B)
[0321/103722.699:ERROR:process_memory_win.cc(73)] ReadMemory at 0x13c29ef7430 of 86 bytes failed: Egy ReadProcessMemory vagy WriteProcessMemory kérésnek csak egy része készült el. (0x12B)
[0321/103722.699:ERROR:process_memory_win.cc(73)] ReadMemory at 0x13c29ef7600 of 132 bytes failed: Egy ReadProcessMemory vagy WriteProcessMemory kérésnek csak egy része készült el. (0x12B)
[0321/103722.699:ERROR:process_memory_win.cc(73)] ReadMemory at 0x13c29ef7790 of 60 bytes failed: Egy ReadProcessMemory vagy WriteProcessMemory kérésnek csak egy része készült el. (0x12B)
[0321/103722.699:ERROR:process_memory_win.cc(73)] ReadMemory at 0x13c29ef79f0 of 132 bytes failed: Egy ReadProcessMemory vagy WriteProcessMemory kérésnek csak egy része készült el. (0x12B)
[0321/103722.699:ERROR:process_memory_win.cc(73)] ReadMemory at 0x13c29ef7b80 of 62 bytes failed: Egy ReadProcessMemory vagy WriteProcessMemory kérésnek csak egy része készült el. (0x12B)
[0321/103722.699:ERROR:process_memory_win.cc(73)] ReadMemory at 0x13c29ef7d50 of 132 bytes failed: Egy ReadProcessMemory vagy WriteProcessMemory kérésnek csak egy része készült el. (0x12B)
[0321/103722.699:ERROR:process_memory_win.cc(73)] ReadMemory at 0x13c29ef7ee0 of 60 bytes failed: Egy ReadProcessMemory vagy WriteProcessMemory kérésnek csak egy része készült el. (0x12B)
[0321/103722.699:ERROR:process_memory_win.cc(73)] ReadMemory at 0x13c29efce00 of 132 bytes failed: Egy ReadProcessMemory vagy WriteProcessMemory kérésnek csak egy része készült el. (0x12B)
[0321/103722.699:ERROR:process_memory_win.cc(73)] ReadMemory at 0x13c29efd050 of 132 bytes failed: Egy ReadProcessMemory vagy WriteProcessMemory kérésnek csak egy része készült el. (0x12B)
[0321/103722.899:ERROR:process_memory_win.cc(73)] ReadMemory at 0x13c29efd2a0 of 132 bytes failed: Egy ReadProcessMemory vagy WriteProcessMemory kérésnek csak egy része készült el. (0x12B)
[0321/103722.899:ERROR:process_memory_win.cc(73)] ReadMemory at 0x13c29efd430 of 62 bytes failed: Egy ReadProcessMemory vagy WriteProcessMemory kérésnek csak egy része készült el. (0x12B)
[0321/103722.899:ERROR:process_memory_win.cc(73)] ReadMemory at 0x13c29efd6d0 of 132 bytes failed: Egy ReadProcessMemory vagy WriteProcessMemory kérésnek csak egy része készült el. (0x12B)
[0321/103722.899:ERROR:process_memory_win.cc(73)] ReadMemory at 0x13c29efd860 of 62 bytes failed: Egy ReadProcessMemory vagy WriteProcessMemory kérésnek csak egy része készült el. (0x12B)
[0321/103722.899:ERROR:process_memory_win.cc(73)] ReadMemory at 0x13c29efdae0 of 132 bytes failed: Egy ReadProcessMemory vagy WriteProcessMemory kérésnek csak egy része készült el. (0x12B)
[0321/103722.899:ERROR:process_memory_win.cc(73)] ReadMemory at 0x13c29efdd80 of 78 bytes failed: Egy ReadProcessMemory vagy WriteProcessMemory kérésnek csak egy része készült el. (0x12B)
[0321/103722.899:ERROR:process_memory_win.cc(73)] ReadMemory at 0x13c29efe1a0 of 76 bytes failed: Egy ReadProcessMemory vagy WriteProcessMemory kérésnek csak egy része készült el. (0x12B)
[0321/103722.899:ERROR:process_memory_win.cc(73)] ReadMemory at 0x13c29efe320 of 80 bytes failed: Egy ReadProcessMemory vagy WriteProcessMemory kérésnek csak egy része készült el. (0x12B)
[0321/103722.899:ERROR:process_memory_win.cc(73)] ReadMemory at 0x13c29efe420 of 64 bytes failed: Egy ReadProcessMemory vagy WriteProcessMemory kérésnek csak egy része készült el. (0x12B)
[0321/103722.903:ERROR:process_memory_win.cc(73)] ReadMemory at 0x13c29efe610 of 132 bytes failed: Egy ReadProcessMemory vagy WriteProcessMemory kérésnek csak egy része készült el. (0x12B)
[0321/103722.903:ERROR:process_memory_win.cc(73)] ReadMemory at 0x13c29efe870 of 132 bytes failed: Egy ReadProcessMemory vagy WriteProcessMemory kérésnek csak egy része készült el. (0x12B)
[0321/103722.903:ERROR:process_memory_win.cc(73)] ReadMemory at 0x13c29efe9a0 of 58 bytes failed: Egy ReadProcessMemory vagy WriteProcessMemory kérésnek csak egy része készült el. (0x12B)
[0321/103722.903:ERROR:process_memory_win.cc(73)] ReadMemory at 0x13c29eff2f0 of 132 bytes failed: Egy ReadProcessMemory vagy WriteProcessMemory kérésnek csak egy része készült el. (0x12B)
[0321/103722.903:ERROR:process_memory_win.cc(73)] ReadMemory at 0x13c29eff4c0 of 62 bytes failed: Egy ReadProcessMemory vagy WriteProcessMemory kérésnek csak egy része készült el. (0x12B)
[0321/103722.903:ERROR:process_memory_win.cc(73)] ReadMemory at 0x13c29eff5b0 of 60 bytes failed: Egy ReadProcessMemory vagy WriteProcessMemory kérésnek csak egy része készült el. (0x12B)
[0321/103722.903:ERROR:process_memory_win.cc(73)] ReadMemory at 0x13c29eff650 of 58 bytes failed: Egy ReadProcessMemory vagy WriteProcessMemory kérésnek csak egy része készült el. (0x12B)
[0321/103722.903:ERROR:process_memory_win.cc(73)] ReadMemory at 0x13c29eff6f0 of 64 bytes failed: Egy ReadProcessMemory vagy WriteProcessMemory kérésnek csak egy része készült el. (0x12B)
[0321/103722.903:ERROR:process_memory_win.cc(73)] ReadMemory at 0x13c29eff830 of 64 bytes failed: Egy ReadProcessMemory vagy WriteProcessMemory kérésnek csak egy része készült el. (0x12B)
[0321/103722.903:ERROR:process_memory_win.cc(73)] ReadMemory at 0x13c29eff880 of 64 bytes failed: Egy ReadProcessMemory vagy WriteProcessMemory kérésnek csak egy része készült el. (0x12B)
[0321/103722.903:ERROR:process_memory_win.cc(73)] ReadMemory at 0x13c29eff8d0 of 62 bytes failed: Egy ReadProcessMemory vagy WriteProcessMemory kérésnek csak egy része készült el. (0x12B)
[0321/103722.903:ERROR:process_memory_win.cc(73)] ReadMemory at 0x13c29eff920 of 66 bytes failed: Egy ReadProcessMemory vagy WriteProcessMemory kérésnek csak egy része készült el. (0x12B)
[0321/103722.903:ERROR:process_memory_win.cc(73)] ReadMemory at 0x13c29eff970 of 62 bytes failed: Egy ReadProcessMemory vagy WriteProcessMemory kérésnek csak egy része készült el. (0x12B)
[0321/103722.903:ERROR:process_memory_win.cc(73)] ReadMemory at 0x13c29eff9c0 of 60 bytes failed: Egy ReadProcessMemory vagy WriteProcessMemory kérésnek csak egy része készült el. (0x12B)
[0321/103722.903:ERROR:process_memory_win.cc(73)] ReadMemory at 0x13c29effa10 of 58 bytes failed: Egy ReadProcessMemory vagy WriteProcessMemory kérésnek csak egy része készült el. (0x12B)
[0321/103722.903:ERROR:process_memory_win.cc(73)] ReadMemory at 0x13c29effb50 of 62 bytes failed: Egy ReadProcessMemory vagy WriteProcessMemory kérésnek csak egy része készült el. (0x12B)
[0321/103722.903:ERROR:process_memory_win.cc(73)] ReadMemory at 0x13c29effba0 of 60 bytes failed: Egy ReadProcessMemory vagy WriteProcessMemory kérésnek csak egy része készült el. (0x12B)
[0321/103722.903:ERROR:process_memory_win.cc(73)] ReadMemory at 0x13c29effde0 of 132 bytes failed: Egy ReadProcessMemory vagy WriteProcessMemory kérésnek csak egy része készült el. (0x12B)
[0321/103722.903:ERROR:process_memory_win.cc(73)] ReadMemory at 0x13c29f00140 of 132 bytes failed: Egy ReadProcessMemory vagy WriteProcessMemory kérésnek csak egy része készült el. (0x12B)
[0321/103722.903:ERROR:process_memory_win.cc(73)] ReadMemory at 0x13c29f00270 of 132 bytes failed: Egy ReadProcessMemory vagy WriteProcessMemory kérésnek csak egy része készült el. (0x12B)
[0321/103722.903:ERROR:process_memory_win.cc(73)] ReadMemory at 0x13c29f003a0 of 132 bytes failed: Egy ReadProcessMemory vagy WriteProcessMemory kérésnek csak egy része készült el. (0x12B)
[0321/103722.903:ERROR:process_memory_win.cc(73)] ReadMemory at 0x13c29f004d0 of 132 bytes failed: Egy ReadProcessMemory vagy WriteProcessMemory kérésnek csak egy része készült el. (0x12B)
[0321/103722.903:ERROR:process_memory_win.cc(73)] ReadMemory at 0x13c29f00600 of 132 bytes failed: Egy ReadProcessMemory vagy WriteProcessMemory kérésnek csak egy része készült el. (0x12B)
[0321/103722.903:ERROR:process_memory_win.cc(73)] ReadMemory at 0x13c29f00730 of 132 bytes failed: Egy ReadProcessMemory vagy WriteProcessMemory kérésnek csak egy része készült el. (0x12B)
[0321/103722.903:ERROR:process_memory_win.cc(73)] ReadMemory at 0x13c29f00860 of 132 bytes failed: Egy ReadProcessMemory vagy WriteProcessMemory kérésnek csak egy része készült el. (0x12B)
[0321/103722.903:ERROR:process_memory_win.cc(73)] ReadMemory at 0x13c29f00990 of 132 bytes failed: Egy ReadProcessMemory vagy WriteProcessMemory kérésnek csak egy része készült el. (0x12B)
[0321/103722.903:ERROR:process_memory_win.cc(73)] ReadMemory at 0x13c29f00ac0 of 132 bytes failed: Egy ReadProcessMemory vagy WriteProcessMemory kérésnek csak egy része készült el. (0x12B)
[0321/103722.903:ERROR:process_memory_win.cc(73)] ReadMemory at 0x13c29f00bf0 of 132 bytes failed: Egy ReadProcessMemory vagy WriteProcessMemory kérésnek csak egy része készült el. (0x12B)
[0321/103722.903:ERROR:process_memory_win.cc(73)] ReadMemory at 0x13c29f00d20 of 132 bytes failed: Egy ReadProcessMemory vagy WriteProcessMemory kérésnek csak egy része készült el. (0x12B)
[0321/103722.903:ERROR:process_memory_win.cc(73)] ReadMemory at 0x13c29f00e50 of 132 bytes failed: Egy ReadProcessMemory vagy WriteProcessMemory kérésnek csak egy része készült el. (0x12B)
[0321/103722.903:ERROR:process_memory_win.cc(73)] ReadMemory at 0x13c29f00f80 of 132 bytes failed: Egy ReadProcessMemory vagy WriteProcessMemory kérésnek csak egy része készült el. (0x12B)
[0321/103722.907:ERROR:process_memory_win.cc(73)] ReadMemory at 0x13c29f04030 of 54 bytes failed: Egy ReadProcessMemory vagy WriteProcessMemory kérésnek csak egy része készült el. (0x12B)
[0321/103722.907:ERROR:process_memory_win.cc(73)] ReadMemory at 0x13c29f05230 of 54 bytes failed: Egy ReadProcessMemory vagy WriteProcessMemory kérésnek csak egy része készült el. (0x12B)
[0321/103722.907:ERROR:process_memory_win.cc(73)] ReadMemory at 0x13c29f09fd0 of 58 bytes failed: Egy ReadProcessMemory vagy WriteProcessMemory kérésnek csak egy része készült el. (0x12B)
[0321/103722.907:ERROR:process_memory_win.cc(73)] ReadMemory at 0x13c29f0a2a0 of 60 bytes failed: Egy ReadProcessMemory vagy WriteProcessMemory kérésnek csak egy része készült el. (0x12B)
[0321/103722.907:ERROR:process_memory_win.cc(73)] ReadMemory at 0x13c29f0a2f0 of 66 bytes failed: Egy ReadProcessMemory vagy WriteProcessMemory kérésnek csak egy része készült el. (0x12B)
[0321/103722.907:ERROR:process_memory_win.cc(73)] ReadMemory at 0x13c29f0a430 of 58 bytes failed: Egy ReadProcessMemory vagy WriteProcessMemory kérésnek csak egy része készült el. (0x12B)
[0321/103722.907:ERROR:process_memory_win.cc(73)] ReadMemory at 0x13c29f0a520 of 60 bytes failed: Egy ReadProcessMemory vagy WriteProcessMemory kérésnek csak egy része készült el. (0x12B)
[0321/103722.907:ERROR:process_memory_win.cc(73)] ReadMemory at 0x13c29f0a570 of 62 bytes failed: Egy ReadProcessMemory vagy WriteProcessMemory kérésnek csak egy része készült el. (0x12B)
[0321/103722.907:ERROR:process_memory_win.cc(73)] ReadMemory at 0x13c29f0a610 of 66 bytes failed: Egy ReadProcessMemory vagy WriteProcessMemory kérésnek csak egy része készült el. (0x12B)
[0321/103722.907:ERROR:process_memory_win.cc(73)] ReadMemory at 0x13c29f0a660 of 60 bytes failed: Egy ReadProcessMemory vagy WriteProcessMemory kérésnek csak egy része készült el. (0x12B)
[0321/103722.907:ERROR:process_memory_win.cc(73)] ReadMemory at 0x13c29f0a6b0 of 64 bytes failed: Egy ReadProcessMemory vagy WriteProcessMemory kérésnek csak egy része készült el. (0x12B)
[0321/103722.907:ERROR:process_memory_win.cc(73)] ReadMemory at 0x13c29f0a700 of 66 bytes failed: Egy ReadProcessMemory vagy WriteProcessMemory kérésnek csak egy része készült el. (0x12B)
[0321/103722.907:ERROR:process_memory_win.cc(73)] ReadMemory at 0x13c29f0a980 of 64 bytes failed: Egy ReadProcessMemory vagy WriteProcessMemory kérésnek csak egy része készült el. (0x12B)
[0321/103722.907:ERROR:process_memory_win.cc(73)] ReadMemory at 0x13c29f0a9d0 of 60 bytes failed: Egy ReadProcessMemory vagy WriteProcessMemory kérésnek csak egy része készült el. (0x12B)
[0321/103722.907:ERROR:process_memory_win.cc(73)] ReadMemory at 0x13c29f0aa70 of 64 bytes failed: Egy ReadProcessMemory vagy WriteProcessMemory kérésnek csak egy része készült el. (0x12B)
[0321/103722.907:ERROR:process_memory_win.cc(73)] ReadMemory at 0x13c29f0aac0 of 64 bytes failed: Egy ReadProcessMemory vagy WriteProcessMemory kérésnek csak egy része készült el. (0x12B)
[0321/103722.907:ERROR:process_memory_win.cc(73)] ReadMemory at 0x13c29f0ab10 of 60 bytes failed: Egy ReadProcessMemory vagy WriteProcessMemory kérésnek csak egy része készült el. (0x12B)
[0321/103722.907:ERROR:process_memory_win.cc(73)] ReadMemory at 0x13c29f0ab60 of 56 bytes failed: Egy ReadProcessMemory vagy WriteProcessMemory kérésnek csak egy része készült el. (0x12B)
[0321/103722.907:ERROR:process_memory_win.cc(73)] ReadMemory at 0x13c29f0abb0 of 64 bytes failed: Egy ReadProcessMemory vagy WriteProcessMemory kérésnek csak egy része készült el. (0x12B)
[0321/103722.907:ERROR:process_memory_win.cc(73)] ReadMemory at 0x13c29f0af20 of 62 bytes failed: Egy ReadProcessMemory vagy WriteProcessMemory kérésnek csak egy része készült el. (0x12B)
[0321/103722.907:ERROR:process_memory_win.cc(73)] ReadMemory at 0x13c29f0cff0 of 132 bytes failed: Egy ReadProcessMemory vagy WriteProcessMemory kérésnek csak egy része készült el. (0x12B)
[0321/103722.907:ERROR:process_memory_win.cc(73)] ReadMemory at 0x13c29f0d120 of 132 bytes failed: Egy ReadProcessMemory vagy WriteProcessMemory kérésnek csak egy része készült el. (0x12B)
[0321/103722.907:ERROR:process_memory_win.cc(73)] ReadMemory at 0x13c29f0d250 of 132 bytes failed: Egy ReadProcessMemory vagy WriteProcessMemory kérésnek csak egy része készült el. (0x12B)
[0321/103722.907:ERROR:process_memory_win.cc(73)] ReadMemory at 0x13c29f0d380 of 132 bytes failed: Egy ReadProcessMemory vagy WriteProcessMemory kérésnek csak egy része készült el. (0x12B)
[0321/103722.907:ERROR:process_memory_win.cc(73)] ReadMemory at 0x13c29f0d4b0 of 132 bytes failed: Egy ReadProcessMemory vagy WriteProcessMemory kérésnek csak egy része készült el. (0x12B)
[0321/103722.907:ERROR:process_memory_win.cc(73)] ReadMemory at 0x13c29f0d5e0 of 132 bytes failed: Egy ReadProcessMemory vagy WriteProcessMemory kérésnek csak egy része készült el. (0x12B)
[0321/103722.907:ERROR:process_memory_win.cc(73)] ReadMemory at 0x13c29f0d710 of 132 bytes failed: Egy ReadProcessMemory vagy WriteProcessMemory kérésnek csak egy része készült el. (0x12B)
[0321/103722.907:ERROR:process_memory_win.cc(73)] ReadMemory at 0x13c29f0d840 of 132 bytes failed: Egy ReadProcessMemory vagy WriteProcessMemory kérésnek csak egy része készült el. (0x12B)
[0321/103722.907:ERROR:process_memory_win.cc(73)] ReadMemory at 0x13c29f0d970 of 132 bytes failed: Egy ReadProcessMemory vagy WriteProcessMemory kérésnek csak egy része készült el. (0x12B)
[0321/103722.907:ERROR:process_memory_win.cc(73)] ReadMemory at 0x13c29f0daa0 of 132 bytes failed: Egy ReadProcessMemory vagy WriteProcessMemory kérésnek csak egy része készült el. (0x12B)
[0321/103722.907:ERROR:process_memory_win.cc(73)] ReadMemory at 0x13c29f0dbd0 of 132 bytes failed: Egy ReadProcessMemory vagy WriteProcessMemory kérésnek csak egy része készült el. (0x12B)
[0321/103722.911:ERROR:process_memory_win.cc(73)] ReadMemory at 0x13c29f0dd00 of 132 bytes failed: Egy ReadProcessMemory vagy WriteProcessMemory kérésnek csak egy része készült el. (0x12B)
[0321/103722.911:ERROR:process_memory_win.cc(73)] ReadMemory at 0x13c29f0de30 of 132 bytes failed: Egy ReadProcessMemory vagy WriteProcessMemory kérésnek csak egy része készült el. (0x12B)
[0321/103722.911:ERROR:process_memory_win.cc(73)] ReadMemory at 0x13c29f0e090 of 132 bytes failed: Egy ReadProcessMemory vagy WriteProcessMemory kérésnek csak egy része készült el. (0x12B)
[0321/103722.911:ERROR:process_memory_win.cc(73)] ReadMemory at 0x13c29f0e1c0 of 132 bytes failed: Egy ReadProcessMemory vagy WriteProcessMemory kérésnek csak egy része készült el. (0x12B)
[0321/103722.911:ERROR:process_memory_win.cc(73)] ReadMemory at 0x13c29f0e2f0 of 132 bytes failed: Egy ReadProcessMemory vagy WriteProcessMemory kérésnek csak egy része készült el. (0x12B)
[0321/103722.911:ERROR:process_memory_win.cc(73)] ReadMemory at 0x13c29f0e420 of 132 bytes failed: Egy ReadProcessMemory vagy WriteProcessMemory kérésnek csak egy része készült el. (0x12B)
[0321/103722.911:ERROR:process_memory_win.cc(73)] ReadMemory at 0x13c29f0e550 of 132 bytes failed: Egy ReadProcessMemory vagy WriteProcessMemory kérésnek csak egy része készült el. (0x12B)
[0321/103722.911:ERROR:process_memory_win.cc(73)] ReadMemory at 0x13c29f0e680 of 132 bytes failed: Egy ReadProcessMemory vagy WriteProcessMemory kérésnek csak egy része készült el. (0x12B)
[0321/103722.911:ERROR:process_memory_win.cc(73)] ReadMemory at 0x13c29f0e7b0 of 132 bytes failed: Egy ReadProcessMemory vagy WriteProcessMemory kérésnek csak egy része készült el. (0x12B)
[0321/103722.911:ERROR:process_memory_win.cc(73)] ReadMemory at 0x13c29f0e8e0 of 132 bytes failed: Egy ReadProcessMemory vagy WriteProcessMemory kérésnek csak egy része készült el. (0x12B)
[0321/103722.911:ERROR:process_memory_win.cc(73)] ReadMemory at 0x13c29f0ea10 of 132 bytes failed: Egy ReadProcessMemory vagy WriteProcessMemory kérésnek csak egy része készült el. (0x12B)
[0321/103722.911:ERROR:process_memory_win.cc(73)] ReadMemory at 0x13c29f0eb40 of 132 bytes failed: Egy ReadProcessMemory vagy WriteProcessMemory kérésnek csak egy része készült el. (0x12B)
[0321/103722.911:ERROR:process_memory_win.cc(73)] ReadMemory at 0x13c29f0ec70 of 132 bytes failed: Egy ReadProcessMemory vagy WriteProcessMemory kérésnek csak egy része készült el. (0x12B)
[0321/103722.911:ERROR:process_memory_win.cc(73)] ReadMemory at 0x13c29f0eda0 of 132 bytes failed: Egy ReadProcessMemory vagy WriteProcessMemory kérésnek csak egy része készült el. (0x12B)
[0321/103722.911:ERROR:process_memory_win.cc(73)] ReadMemory at 0x13c29f0efb0 of 154 bytes failed: Egy ReadProcessMemory vagy WriteProcessMemory kérésnek csak egy része készült el. (0x12B)
[0321/103722.911:ERROR:process_memory_win.cc(73)] ReadMemory at 0x13c29f0f840 of 158 bytes failed: Egy ReadProcessMemory vagy WriteProcessMemory kérésnek csak egy része készült el. (0x12B)
[0321/103722.911:ERROR:process_memory_win.cc(73)] ReadMemory at 0x13c29f10cf0 of 248 bytes failed: Egy ReadProcessMemory vagy WriteProcessMemory kérésnek csak egy része készült el. (0x12B)
[0321/103722.911:ERROR:process_memory_win.cc(73)] ReadMemory at 0x13c29f14bf0 of 132 bytes failed: Egy ReadProcessMemory vagy WriteProcessMemory kérésnek csak egy része készült el. (0x12B)
[0321/103722.911:ERROR:process_memory_win.cc(73)] ReadMemory at 0x13c29f15310 of 132 bytes failed: Egy ReadProcessMemory vagy WriteProcessMemory kérésnek csak egy része készült el. (0x12B)
[0321/103722.911:ERROR:process_memory_win.cc(73)] ReadMemory at 0x13c29f15900 of 132 bytes failed: Egy ReadProcessMemory vagy WriteProcessMemory kérésnek csak egy része készült el. (0x12B)
[0321/103722.911:ERROR:process_memory_win.cc(73)] ReadMemory at 0x13c29f15a30 of 132 bytes failed: Egy ReadProcessMemory vagy WriteProcessMemory kérésnek csak egy része készült el. (0x12B)
[0321/103722.911:ERROR:process_memory_win.cc(73)] ReadMemory at 0x13c29f15b60 of 132 bytes failed: Egy ReadProcessMemory vagy WriteProcessMemory kérésnek csak egy része készült el. (0x12B)
[0321/103722.911:ERROR:process_memory_win.cc(73)] ReadMemory at 0x13c29f18530 of 60 bytes failed: Egy ReadProcessMemory vagy WriteProcessMemory kérésnek csak egy része készült el. (0x12B)
[0321/103722.911:ERROR:process_memory_win.cc(73)] ReadMemory at 0x13c29f185d0 of 62 bytes failed: Egy ReadProcessMemory vagy WriteProcessMemory kérésnek csak egy része készült el. (0x12B)
[0321/103722.911:ERROR:process_memory_win.cc(73)] ReadMemory at 0x13c29f18710 of 62 bytes failed: Egy ReadProcessMemory vagy WriteProcessMemory kérésnek csak egy része készült el. (0x12B)
[0321/103722.911:ERROR:process_memory_win.cc(73)] ReadMemory at 0x13c29f18800 of 62 bytes failed: Egy ReadProcessMemory vagy WriteProcessMemory kérésnek csak egy része készült el. (0x12B)
[0321/103722.911:ERROR:process_memory_win.cc(73)] ReadMemory at 0x13c29f18d00 of 64 bytes failed: Egy ReadProcessMemory vagy WriteProcessMemory kérésnek csak egy része készült el. (0x12B)
[0321/103722.911:ERROR:process_memory_win.cc(73)] ReadMemory at 0x13c29f19020 of 58 bytes failed: Egy ReadProcessMemory vagy WriteProcessMemory kérésnek csak egy része készült el. (0x12B)
[0321/103722.911:ERROR:process_memory_win.cc(73)] ReadMemory at 0x13c29f19070 of 64 bytes failed: Egy ReadProcessMemory vagy WriteProcessMemory kérésnek csak egy része készült el. (0x12B)
[0321/103722.911:ERROR:process_memory_win.cc(73)] ReadMemory at 0x13c29f19420 of 512 bytes failed: Egy ReadProcessMemory vagy WriteProcessMemory kérésnek csak egy része készült el. (0x12B)
[0321/103722.911:ERROR:process_memory_win.cc(73)] ReadMemory at 0x13c29f26c10 of 512 bytes failed: Egy ReadProcessMemory vagy WriteProcessMemory kérésnek csak egy része készült el. (0x12B)
[0321/103722.911:ERROR:process_memory_win.cc(73)] ReadMemory at 0x13c29f26f50 of 512 bytes failed: Egy ReadProcessMemory vagy WriteProcessMemory kérésnek csak egy része készült el. (0x12B)
[0321/103722.915:ERROR:process_memory_win.cc(73)] ReadMemory at 0x13c2b7e01c0 of 512 bytes failed: Egy ReadProcessMemory vagy WriteProcessMemory kérésnek csak egy része készült el. (0x12B)
[0321/103722.915:ERROR:process_memory_win.cc(73)] ReadMemory at 0x13c2b7e0c40 of 560 bytes failed: Egy ReadProcessMemory vagy WriteProcessMemory kérésnek csak egy része készült el. (0x12B)
[0321/103722.915:ERROR:process_memory_win.cc(73)] ReadMemory at 0x13c2ba56d70 of 512 bytes failed: Egy ReadProcessMemory vagy WriteProcessMemory kérésnek csak egy része készült el. (0x12B)
[0321/103722.915:ERROR:process_memory_win.cc(73)] ReadMemory at 0x13c2ba71a00 of 696 bytes failed: Egy ReadProcessMemory vagy WriteProcessMemory kérésnek csak egy része készült el. (0x12B)
[0321/103722.915:ERROR:process_memory_win.cc(73)] ReadMemory at 0x13c2ba72570 of 512 bytes failed: Egy ReadProcessMemory vagy WriteProcessMemory kérésnek csak egy része készült el. (0x12B)
[0321/103722.915:ERROR:process_memory_win.cc(73)] ReadMemory at 0x13c2d730000 of 384 bytes failed: Egy ReadProcessMemory vagy WriteProcessMemory kérésnek csak egy része készült el. (0x12B)
[0321/103722.915:ERROR:process_memory_win.cc(73)] ReadMemory at 0x13c2d7498d0 of 512 bytes failed: Egy ReadProcessMemory vagy WriteProcessMemory kérésnek csak egy része készült el. (0x12B)
[0321/103722.915:ERROR:process_memory_win.cc(73)] ReadMemory at 0x13c2d74b3b0 of 512 bytes failed: Egy ReadProcessMemory vagy WriteProcessMemory kérésnek csak egy része készült el. (0x12B)
[0321/103722.915:ERROR:process_memory_win.cc(73)] ReadMemory at 0x13c2d77b990 of 512 bytes failed: Egy ReadProcessMemory vagy WriteProcessMemory kérésnek csak egy része készült el. (0x12B)
[0321/103722.915:ERROR:process_memory_win.cc(73)] ReadMemory at 0x13c2d79f180 of 512 bytes failed: Egy ReadProcessMemory vagy WriteProcessMemory kérésnek csak egy része készült el. (0x12B)
[0321/103722.915:ERROR:process_memory_win.cc(73)] ReadMemory at 0x13c2d886420 of 512 bytes failed: Egy ReadProcessMemory vagy WriteProcessMemory kérésnek csak egy része készült el. (0x12B)
[0321/103722.915:ERROR:process_memory_win.cc(73)] ReadMemory at 0x13c4b5872b0 of 512 bytes failed: Egy ReadProcessMemory vagy WriteProcessMemory kérésnek csak egy része készült el. (0x12B)
[0321/103722.915:ERROR:process_memory_win.cc(73)] ReadMemory at 0x13c4c921080 of 512 bytes failed: Egy ReadProcessMemory vagy WriteProcessMemory kérésnek csak egy része készült el. (0x12B)
[0321/103722.915:ERROR:process_memory_win.cc(73)] ReadMemory at 0x1fd7b8984051 of 512 bytes failed: Egy ReadProcessMemory vagy WriteProcessMemory kérésnek csak egy része készült el. (0x12B)
[0321/103722.915:ERROR:process_memory_win.cc(73)] ReadMemory at 0x23702f5d0000 of 384 bytes failed: Egy ReadProcessMemory vagy WriteProcessMemory kérésnek csak egy része készült el. (0x12B)
[0321/103722.915:ERROR:process_memory_win.cc(73)] ReadMemory at 0x23702f615061 of 512 bytes failed: Egy ReadProcessMemory vagy WriteProcessMemory kérésnek csak egy része készült el. (0x12B)
[0321/103722.915:ERROR:process_memory_win.cc(73)] ReadMemory at 0x2b1524a549d0 of 512 bytes failed: Egy ReadProcessMemory vagy WriteProcessMemory kérésnek csak egy része készült el. (0x12B)
[0321/103722.915:ERROR:process_memory_win.cc(73)] ReadMemory at 0x7ff8a16f8503 of 512 bytes failed: Egy ReadProcessMemory vagy WriteProcessMemory kérésnek csak egy része készült el. (0x12B)
[0321/103722.915:ERROR:process_memory_win.cc(73)] ReadMemory at 0x7ff8a6246668 of 512 bytes failed: Egy ReadProcessMemory vagy WriteProcessMemory kérésnek csak egy része készült el. (0x12B)
[0321/103722.915:ERROR:process_memory_win.cc(73)] ReadMemory at 0x7ff8deb03ff8 of 512 bytes failed: Egy ReadProcessMemory vagy WriteProcessMemory kérésnek csak egy része készült el. (0x12B)
[0321/103722.915:ERROR:process_memory_win.cc(73)] ReadMemory at 0x7ff8e0354580 of 512 bytes failed: Egy ReadProcessMemory vagy WriteProcessMemory kérésnek csak egy része készült el. (0x12B)
[0321/103722.915:ERROR:process_memory_win.cc(73)] ReadMemory at 0x7ff8e2317460 of 512 bytes failed: Egy ReadProcessMemory vagy WriteProcessMemory kérésnek csak egy része készült el. (0x12B)
[0321/103722.915:ERROR:process_memory_win.cc(73)] ReadMemory at 0x7ff8e2318370 of 512 bytes failed: Egy ReadProcessMemory vagy WriteProcessMemory kérésnek csak egy része készült el. (0x12B)
[0321/103722.915:ERROR:process_memory_win.cc(73)] ReadMemory at 0x7ff8e2335e90 of 512 bytes failed: Egy ReadProcessMemory vagy WriteProcessMemory kérésnek csak egy része készült el. (0x12B)
[0321/103722.915:ERROR:process_memory_win.cc(73)] ReadMemory at 0x7ff8e2395b04 of 672 bytes failed: Egy ReadProcessMemory vagy WriteProcessMemory kérésnek csak egy része készült el. (0x12B)
[0321/103722.915:ERROR:process_memory_win.cc(73)] ReadMemory at 0x7ff8e2396104 of 512 bytes failed: Egy ReadProcessMemory vagy WriteProcessMemory kérésnek csak egy része készült el. (0x12B)
[0321/103722.915:ERROR:process_memory_win.cc(73)] ReadMemory at 0x7ff8e23991f4 of 608 bytes failed: Egy ReadProcessMemory vagy WriteProcessMemory kérésnek csak egy része készült el. (0x12B)
[0321/103722.915:ERROR:process_memory_win.cc(73)] ReadMemory at 0x7ff8e240b890 of 18 bytes failed: Egy ReadProcessMemory vagy WriteProcessMemory kérésnek csak egy része készült el. (0x12B)
[0321/103722.915:ERROR:process_memory_win.cc(73)] ReadMemory at 0x7ff8e243b568 of 40 bytes failed: Egy ReadProcessMemory vagy WriteProcessMemory kérésnek csak egy része készült el. (0x12B)
[0321/103722.915:ERROR:process_memory_win.cc(73)] ReadMemory at 0x7ff8e243b998 of 48 bytes failed: Egy ReadProcessMemory vagy WriteProcessMemory kérésnek csak egy része készült el. (0x12B)
[0321/103722.915:ERROR:process_memory_win.cc(73)] ReadMemory at 0x7ff8e24413a0 of 64 bytes failed: Egy ReadProcessMemory vagy WriteProcessMemory kérésnek csak egy része készült el. (0x12B)
[0321/103722.923:ERROR:scoped_process_suspend.cc(40)] NtResumeProcess: Kísérlet történt egy éppen kilépõ folyamat elérésére. (0xc000010a)
